<?xml version="1.0" encoding="UTF-8"?>
<testng-results ignored="0" total="1" passed="1" failed="0" skipped="0">
  <reporter-output>
  </reporter-output>
  <suite started-at="2025-10-24T19:59:00 IST" name="AutomationSuite" finished-at="2025-10-24T19:59:19 IST" duration-ms="18368">
    <groups>
    </groups>
    <test started-at="2025-10-24T19:59:00 IST" name="SampleTests" finished-at="2025-10-24T19:59:19 IST" duration-ms="18368">
      <class name="learntesting.first">
        <test-method is-config="true" signature="setUp()[pri:0, instance:learntesting.first@4f209819]" started-at="2025-10-24T19:59:00 IST" name="setUp" finished-at="2025-10-24T19:59:03 IST" duration-ms="2650" status="PASS">
          <reporter-output>
          </reporter-output>
        </test-method> <!-- setUp -->
        <test-method signature="verifyLogin()[pri:0, instance:learntesting.first@4f209819]" started-at="2025-10-24T19:59:03 IST" name="verifyLogin" finished-at="2025-10-24T19:59:18 IST" duration-ms="15231" status="PASS">
          <reporter-output>
          </reporter-output>
        </test-method> <!-- verifyLogin -->
        <test-method is-config="true" signature="tearDown()[pri:0, instance:learntesting.first@4f209819]" started-at="2025-10-24T19:59:18 IST" name="tearDown" finished-at="2025-10-24T19:59:19 IST" duration-ms="438" status="PASS">
          <reporter-output>
          </reporter-output>
        </test-method> <!-- tearDown -->
      </class> <!-- learntesting.first -->
    </test> <!-- SampleTests -->
  </suite> <!-- AutomationSuite -->
</testng-results>
