<?xml version="1.0" encoding="UTF-8"?>
<testng-results ignored="0" total="1" passed="1" failed="0" skipped="0">
  <reporter-output>
  </reporter-output>
  <suite started-at="2025-10-24T20:53:35 IST" name="Default suite" finished-at="2025-10-24T20:53:56 IST" duration-ms="21518">
    <groups>
    </groups>
    <test started-at="2025-10-24T20:53:35 IST" name="Default test" finished-at="2025-10-24T20:53:56 IST" duration-ms="21518">
      <class name="learntesting.first">
        <test-method is-config="true" signature="setUp()[pri:0, instance:learntesting.first@3427b02d]" started-at="2025-10-24T20:53:35 IST" name="setUp" finished-at="2025-10-24T20:53:37 IST" duration-ms="2405" status="PASS">
          <reporter-output>
          </reporter-output>
        </test-method> <!-- setUp -->
        <test-method signature="verifyLogin()[pri:0, instance:learntesting.first@3427b02d]" started-at="2025-10-24T20:53:37 IST" name="verifyLogin" finished-at="2025-10-24T20:53:56 IST" duration-ms="18624" status="PASS">
          <reporter-output>
          </reporter-output>
        </test-method> <!-- verifyLogin -->
        <test-method is-config="true" signature="tearDown()[pri:0, instance:learntesting.first@3427b02d]" started-at="2025-10-24T20:53:56 IST" name="tearDown" finished-at="2025-10-24T20:53:56 IST" duration-ms="455" status="PASS">
          <reporter-output>
          </reporter-output>
        </test-method> <!-- tearDown -->
      </class> <!-- learntesting.first -->
    </test> <!-- Default test -->
  </suite> <!-- Default suite -->
</testng-results>
