<?xml version="1.0" encoding="UTF-8"?>
<testng-results ignored="0" total="1" passed="1" failed="0" skipped="0">
  <reporter-output>
  </reporter-output>
  <suite started-at="2025-12-05T11:47:56 IST" name="Default suite" finished-at="2025-12-05T11:48:50 IST" duration-ms="54843">
    <groups>
    </groups>
    <test started-at="2025-12-05T11:47:56 IST" name="Default test" finished-at="2025-12-05T11:48:50 IST" duration-ms="54843">
      <class name="learntesting.VerifyDashboard">
        <test-method is-config="true" signature="setUp()[pri:0, instance:learntesting.VerifyDashboard@6ca8564a]" started-at="2025-12-05T11:47:56 IST" name="setUp" finished-at="2025-12-05T11:48:00 IST" duration-ms="3970" status="PASS">
          <reporter-output>
          </reporter-output>
        </test-method> <!-- setUp -->
        <test-method signature="verifymenus()[pri:0, instance:learntesting.VerifyDashboard@6ca8564a]" started-at="2025-12-05T11:48:00 IST" name="verifymenus" finished-at="2025-12-05T11:48:50 IST" duration-ms="50453" status="PASS">
          <reporter-output>
          </reporter-output>
        </test-method> <!-- verifymenus -->
        <test-method is-config="true" signature="tearDown()[pri:0, instance:learntesting.VerifyDashboard@6ca8564a]" started-at="2025-12-05T11:48:50 IST" name="tearDown" finished-at="2025-12-05T11:48:50 IST" duration-ms="388" status="PASS">
          <reporter-output>
          </reporter-output>
        </test-method> <!-- tearDown -->
      </class> <!-- learntesting.VerifyDashboard -->
    </test> <!-- Default test -->
  </suite> <!-- Default suite -->
</testng-results>
